==================== 2026-06-14T14:25:22.812855Z | 019ec685-df6c-7111-8873-63e42b135f64 ====================
14:25:22.813128 [info ]: Installing dbt project and profile setup
14:25:22.816714 [info ]: Info Created .vscode/extensions.json with dbt extension recommendation
14:25:22.816766 [info ]: Success Project created successfully!
14:25:22.816779 [info ]: Info Project name: jaffle_shop
14:25:22.816786 [info ]: Info Project directory: jaffle_shop
14:25:22.816790 [info ]: Info Setting up your profile...
14:25:22.823483 [info ]: Info Creating new profile...
14:25:37.660833 [info ]: No dbt_cloud.yml found - proceeding without cloud pre-population
14:27:28.685614 [info ]: Success Profile written to /home/syntax-ray/.dbt/profiles.yml
14:27:28.685725 [info ]: Validating profile inputs, adapters, and connection

14:27:28.685767 [info ]: dbt-core 2.0.0-alpha.1
14:27:28.691676 [info ]: Started loading project
14:27:28.696582 [info ]: Loading ~/.dbt/profiles.yml
14:27:28.699546 [info ]: Finished loading project [  0.01s]
14:27:28.699656 [error]: [InvalidConfig (dbt1005)]: The 'postgres' adapter is not yet supported by dbt Fusion. Supported adapters: snowflake, bigquery, databricks, redshift
14:27:28.976378 [info ]: 
==================== Execution Summary =====================
Finished 'init' with 1 error [2m 6s]
[0m16:17:02.154615 [debug] [MainThread]: Sending event: {'category': 'dbt', 'action': 'invocation', 'label': 'start', 'context': [<snowplow_tracker.self_describing_json.SelfDescribingJson object at 0x7fcb5fef63c0>, <snowplow_tracker.self_describing_json.SelfDescribingJson object at 0x7fcb62d12850>, <snowplow_tracker.self_describing_json.SelfDescribingJson object at 0x7fcb5ef0fc50>]}


============================== 16:17:02.157675 | d7d2e461-77ad-4b78-ae65-fdabae328b7c ==============================
[0m16:17:02.157675 [info ] [MainThread]: Running with dbt=1.11.11
[0m16:17:02.158035 [debug] [MainThread]: running dbt with arguments {'log_cache_events': 'False', 'indirect_selection': 'eager', 'quiet': 'False', 'profiles_dir': '/home/syntax-ray/.dbt', 'static_parser': 'True', 'no_print': 'None', 'debug': 'False', 'use_colors': 'True', 'invocation_command': 'dbt init', 'target_path': 'None', 'introspect': 'True', 'empty': 'None', 'use_experimental_parser': 'False', 'write_json': 'True', 'warn_error_options': 'WarnErrorOptionsV2(error=[], warn=[], silence=[])', 'version_check': 'True', 'log_format': 'default', 'log_path': 'logs', 'partial_parse': 'True', 'warn_error': 'None', 'send_anonymous_usage_stats': 'True', 'cache_selected_only': 'False', 'fail_fast': 'False', 'printer_width': '80'}
[0m16:21:16.805998 [debug] [MainThread]: Starter project path: /home/syntax-ray/Software/premier-league-data-pipeline/venv/lib64/python3.13/site-packages/dbt/include/starter_project
[0m16:21:16.809973 [info ] [MainThread]: 
Your new dbt project "pl_dbt" was created!

For more information on how to configure the profiles.yml file,
please consult the dbt documentation here:

  https://docs.getdbt.com/docs/configure-your-profile

One more thing:

Need help? Don't hesitate to reach out to us via GitHub issues or on Slack:

  https://community.getdbt.com/

Happy modeling!

[0m16:21:16.810825 [info ] [MainThread]: Setting up your profile.
[0m16:24:14.216701 [error] [MainThread]: Encountered an error:
list index out of range
[0m16:24:14.220600 [error] [MainThread]: Traceback (most recent call last):
  File "/home/syntax-ray/Software/premier-league-data-pipeline/venv/lib64/python3.13/site-packages/dbt/cli/requires.py", line 182, in wrapper
    result, success = func(*args, **kwargs)
                      ~~~~^^^^^^^^^^^^^^^^^
  File "/home/syntax-ray/Software/premier-league-data-pipeline/venv/lib64/python3.13/site-packages/dbt/cli/requires.py", line 128, in wrapper
    return func(*args, **kwargs)
  File "/home/syntax-ray/Software/premier-league-data-pipeline/venv/lib64/python3.13/site-packages/dbt/cli/main.py", line 488, in init
    results = task.run()
  File "/home/syntax-ray/Software/premier-league-data-pipeline/venv/lib64/python3.13/site-packages/dbt/task/init.py", line 346, in run
    self.setup_profile(profile_name)
    ~~~~~~~~~~~~~~~~~~^^^^^^^^^^^^^^
  File "/home/syntax-ray/Software/premier-league-data-pipeline/venv/lib64/python3.13/site-packages/dbt/task/init.py", line 261, in setup_profile
    adapter = self.ask_for_adapter_choice()
  File "/home/syntax-ray/Software/premier-league-data-pipeline/venv/lib64/python3.13/site-packages/dbt/task/init.py", line 243, in ask_for_adapter_choice
    return available_adapters[numeric_choice - 1]
           ~~~~~~~~~~~~~~~~~~^^^^^^^^^^^^^^^^^^^^
IndexError: list index out of range

[0m16:24:14.222609 [debug] [MainThread]: Resource report: {"command_name": "init", "command_success": false, "command_wall_clock_time": 432.1016, "process_in_blocks": "9080", "process_kernel_time": 0.067698, "process_mem_max_rss": "103320", "process_out_blocks": "184", "process_user_time": 0.772112}
[0m16:24:14.222946 [debug] [MainThread]: Command `dbt init` failed at 16:24:14.222880 after 432.10 seconds
[0m16:24:14.223223 [debug] [MainThread]: Sending event: {'category': 'dbt', 'action': 'invocation', 'label': 'end', 'context': [<snowplow_tracker.self_describing_json.SelfDescribingJson object at 0x7fcb5ef45f30>, <snowplow_tracker.self_describing_json.SelfDescribingJson object at 0x7fcb5edafbf0>, <snowplow_tracker.self_describing_json.SelfDescribingJson object at 0x7fcb5ed559d0>]}
[0m16:24:14.223518 [debug] [MainThread]: Flushing usage events
[0m16:24:14.968293 [debug] [MainThread]: An error was encountered while trying to flush usage events
[0m16:40:38.281119 [debug] [MainThread]: Sending event: {'category': 'dbt', 'action': 'invocation', 'label': 'start', 'context': [<snowplow_tracker.self_describing_json.SelfDescribingJson object at 0x7f3af4cce3c0>, <snowplow_tracker.self_describing_json.SelfDescribingJson object at 0x7f3af7766850>, <snowplow_tracker.self_describing_json.SelfDescribingJson object at 0x7f3af3ce7c50>]}


============================== 16:40:38.283175 | 11acb2db-37d5-439e-a19e-b9b17b143be9 ==============================
[0m16:40:38.283175 [info ] [MainThread]: Running with dbt=1.11.11
[0m16:40:38.283536 [debug] [MainThread]: running dbt with arguments {'empty': 'None', 'log_format': 'default', 'log_cache_events': 'False', 'partial_parse': 'True', 'printer_width': '80', 'static_parser': 'True', 'profiles_dir': '/home/syntax-ray/.dbt', 'introspect': 'True', 'fail_fast': 'False', 'target_path': 'None', 'invocation_command': 'dbt init', 'use_experimental_parser': 'False', 'warn_error': 'None', 'quiet': 'False', 'log_path': 'logs', 'version_check': 'True', 'cache_selected_only': 'False', 'indirect_selection': 'eager', 'use_colors': 'True', 'send_anonymous_usage_stats': 'True', 'no_print': 'None', 'warn_error_options': 'WarnErrorOptionsV2(error=[], warn=[], silence=[])', 'debug': 'False', 'write_json': 'True'}
[0m16:40:47.454218 [debug] [MainThread]: Starter project path: /home/syntax-ray/Software/premier-league-data-pipeline/venv/lib64/python3.13/site-packages/dbt/include/starter_project
[0m16:40:47.456452 [info ] [MainThread]: 
Your new dbt project "pl_dbt" was created!

For more information on how to configure the profiles.yml file,
please consult the dbt documentation here:

  https://docs.getdbt.com/docs/configure-your-profile

One more thing:

Need help? Don't hesitate to reach out to us via GitHub issues or on Slack:

  https://community.getdbt.com/

Happy modeling!

[0m16:40:47.456875 [info ] [MainThread]: Setting up your profile.
[0m16:42:21.053141 [error] [MainThread]: Encountered an error:

[0m16:42:21.059214 [error] [MainThread]: Traceback (most recent call last):
  File "/home/syntax-ray/Software/premier-league-data-pipeline/venv/lib64/python3.13/site-packages/dbt/cli/requires.py", line 182, in wrapper
    result, success = func(*args, **kwargs)
                      ~~~~^^^^^^^^^^^^^^^^^
  File "/home/syntax-ray/Software/premier-league-data-pipeline/venv/lib64/python3.13/site-packages/dbt/cli/requires.py", line 128, in wrapper
    return func(*args, **kwargs)
  File "/home/syntax-ray/Software/premier-league-data-pipeline/venv/lib64/python3.13/site-packages/dbt/cli/main.py", line 488, in init
    results = task.run()
  File "/home/syntax-ray/Software/premier-league-data-pipeline/venv/lib64/python3.13/site-packages/dbt/task/init.py", line 346, in run
    self.setup_profile(profile_name)
    ~~~~~~~~~~~~~~~~~~^^^^^^^^^^^^^^
  File "/home/syntax-ray/Software/premier-league-data-pipeline/venv/lib64/python3.13/site-packages/dbt/task/init.py", line 262, in setup_profile
    self.create_profile_from_target(adapter, profile_name=profile_name)
    ~~~~~~~~~~~~~~~~~~~~~~~~~~~~~~~^^^^^^^^^^^^^^^^^^^^^^^^^^^^^^^^^^^^
  File "/home/syntax-ray/Software/premier-league-data-pipeline/venv/lib64/python3.13/site-packages/dbt/task/init.py", line 179, in create_profile_from_target
    self.create_profile_from_profile_template(profile_template, profile_name)
    ~~~~~~~~~~~~~~~~~~~~~~~~~~~~~~~~~~~~~~~~~^^^^^^^^^^^^^^^^^^^^^^^^^^^^^^^^
  File "/home/syntax-ray/Software/premier-league-data-pipeline/venv/lib64/python3.13/site-packages/dbt/task/init.py", line 163, in create_profile_from_profile_template
    target = self.generate_target_from_input(prompts, initial_target)
  File "/home/syntax-ray/Software/premier-league-data-pipeline/venv/lib64/python3.13/site-packages/dbt/task/init.py", line 129, in generate_target_from_input
    target[key] = click.prompt(
                  ~~~~~~~~~~~~^
        text, default=default, hide_input=hide_input, type=type
        ^^^^^^^^^^^^^^^^^^^^^^^^^^^^^^^^^^^^^^^^^^^^^^^^^^^^^^^
    )
    ^
  File "/home/syntax-ray/Software/premier-league-data-pipeline/venv/lib64/python3.13/site-packages/click/termui.py", line 218, in prompt
    value = prompt_func(prompt)
  File "/home/syntax-ray/Software/premier-league-data-pipeline/venv/lib64/python3.13/site-packages/click/termui.py", line 201, in prompt_func
    raise Abort() from None
click.exceptions.Abort

[0m16:42:21.060324 [debug] [MainThread]: Resource report: {"command_name": "init", "command_success": false, "command_wall_clock_time": 102.813126, "process_in_blocks": "11656", "process_kernel_time": 0.070168, "process_mem_max_rss": "107816", "process_out_blocks": "208", "process_user_time": 0.764158}
[0m16:42:21.060815 [debug] [MainThread]: Command `dbt init` failed at 16:42:21.060710 after 102.81 seconds
[0m16:42:21.061212 [debug] [MainThread]: Sending event: {'category': 'dbt', 'action': 'invocation', 'label': 'end', 'context': [<snowplow_tracker.self_describing_json.SelfDescribingJson object at 0x7f3af31483e0>, <snowplow_tracker.self_describing_json.SelfDescribingJson object at 0x7f3af3c1a690>, <snowplow_tracker.self_describing_json.SelfDescribingJson object at 0x7f3af31088d0>]}
[0m16:42:21.061610 [debug] [MainThread]: Flushing usage events
[0m16:42:21.588694 [debug] [MainThread]: An error was encountered while trying to flush usage events
[0m16:42:25.209170 [debug] [MainThread]: Sending event: {'category': 'dbt', 'action': 'invocation', 'label': 'start', 'context': [<snowplow_tracker.self_describing_json.SelfDescribingJson object at 0x7f75304de3c0>, <snowplow_tracker.self_describing_json.SelfDescribingJson object at 0x7f7532f66850>, <snowplow_tracker.self_describing_json.SelfDescribingJson object at 0x7f752f4f7c50>]}


============================== 16:42:25.211312 | afbd4820-fcce-4285-829c-127dabe2f820 ==============================
[0m16:42:25.211312 [info ] [MainThread]: Running with dbt=1.11.11
[0m16:42:25.211651 [debug] [MainThread]: running dbt with arguments {'introspect': 'True', 'log_path': 'logs', 'debug': 'False', 'static_parser': 'True', 'target_path': 'None', 'log_format': 'default', 'empty': 'None', 'printer_width': '80', 'quiet': 'False', 'warn_error': 'None', 'profiles_dir': '/home/syntax-ray/.dbt', 'warn_error_options': 'WarnErrorOptionsV2(error=[], warn=[], silence=[])', 'fail_fast': 'False', 'invocation_command': 'dbt init', 'no_print': 'None', 'send_anonymous_usage_stats': 'True', 'partial_parse': 'True', 'cache_selected_only': 'False', 'use_experimental_parser': 'False', 'log_cache_events': 'False', 'version_check': 'True', 'indirect_selection': 'eager', 'write_json': 'True', 'use_colors': 'True'}
[0m16:42:31.139398 [info ] [MainThread]: A project called pl_dbt already exists here.
[0m16:42:31.141535 [debug] [MainThread]: Resource report: {"command_name": "init", "command_success": true, "command_wall_clock_time": 5.9657087, "process_in_blocks": "0", "process_kernel_time": 0.074552, "process_mem_max_rss": "103340", "process_out_blocks": "8", "process_user_time": 0.717989}
[0m16:42:31.142553 [debug] [MainThread]: Command `dbt init` succeeded at 16:42:31.142356 after 5.97 seconds
[0m16:42:31.143297 [debug] [MainThread]: Sending event: {'category': 'dbt', 'action': 'invocation', 'label': 'end', 'context': [<snowplow_tracker.self_describing_json.SelfDescribingJson object at 0x7f752f529350>, <snowplow_tracker.self_describing_json.SelfDescribingJson object at 0x7f752f3979b0>, <snowplow_tracker.self_describing_json.SelfDescribingJson object at 0x7f752f535040>]}
[0m16:42:31.144092 [debug] [MainThread]: Flushing usage events
[0m16:42:31.749372 [debug] [MainThread]: An error was encountered while trying to flush usage events
[0m16:42:41.853081 [debug] [MainThread]: Sending event: {'category': 'dbt', 'action': 'invocation', 'label': 'start', 'context': [<snowplow_tracker.self_describing_json.SelfDescribingJson object at 0x7f2c2acc23c0>, <snowplow_tracker.self_describing_json.SelfDescribingJson object at 0x7f2c2d766850>, <snowplow_tracker.self_describing_json.SelfDescribingJson object at 0x7f2c29cdbc50>]}


============================== 16:42:41.855243 | ba93041a-1e14-48db-b133-d9fbd05c7e1c ==============================
[0m16:42:41.855243 [info ] [MainThread]: Running with dbt=1.11.11
[0m16:42:41.855580 [debug] [MainThread]: running dbt with arguments {'introspect': 'True', 'use_experimental_parser': 'False', 'warn_error_options': 'WarnErrorOptionsV2(error=[], warn=[], silence=[])', 'use_colors': 'True', 'fail_fast': 'False', 'log_format': 'default', 'log_cache_events': 'False', 'log_path': 'logs', 'version_check': 'True', 'invocation_command': 'dbt init', 'partial_parse': 'True', 'debug': 'False', 'target_path': 'None', 'static_parser': 'True', 'no_print': 'None', 'indirect_selection': 'eager', 'printer_width': '80', 'send_anonymous_usage_stats': 'True', 'profiles_dir': '/home/syntax-ray/.dbt', 'quiet': 'False', 'cache_selected_only': 'False', 'warn_error': 'None', 'write_json': 'True', 'empty': 'None'}
[0m16:44:30.125188 [debug] [MainThread]: Starter project path: /home/syntax-ray/Software/premier-league-data-pipeline/venv/lib64/python3.13/site-packages/dbt/include/starter_project
[0m16:44:30.129166 [info ] [MainThread]: 
Your new dbt project "pl_dbt" was created!

For more information on how to configure the profiles.yml file,
please consult the dbt documentation here:

  https://docs.getdbt.com/docs/configure-your-profile

One more thing:

Need help? Don't hesitate to reach out to us via GitHub issues or on Slack:

  https://community.getdbt.com/

Happy modeling!

[0m16:44:30.129994 [info ] [MainThread]: Setting up your profile.
[0m16:46:09.549623 [info ] [MainThread]: Profile pl_dbt written to /home/syntax-ray/.dbt/profiles.yml using target's profile_template.yml and your supplied values. Run 'dbt debug' to validate the connection.
[0m16:46:09.551832 [debug] [MainThread]: Resource report: {"command_name": "init", "command_success": true, "command_wall_clock_time": 207.73245, "process_in_blocks": "0", "process_kernel_time": 0.057421, "process_mem_max_rss": "107952", "process_out_blocks": "240", "process_user_time": 0.760542}
[0m16:46:09.552841 [debug] [MainThread]: Command `dbt init` succeeded at 16:46:09.552623 after 207.73 seconds
[0m16:46:09.553434 [debug] [MainThread]: Sending event: {'category': 'dbt', 'action': 'invocation', 'label': 'end', 'context': [<snowplow_tracker.self_describing_json.SelfDescribingJson object at 0x7f2c291502b0>, <snowplow_tracker.self_describing_json.SelfDescribingJson object at 0x7f2c2c5a60f0>, <snowplow_tracker.self_describing_json.SelfDescribingJson object at 0x7f2c291105a0>]}
[0m16:46:09.553842 [debug] [MainThread]: Flushing usage events
[0m16:46:10.156878 [debug] [MainThread]: An error was encountered while trying to flush usage events
[0m17:01:44.459479 [debug] [MainThread]: Sending event: {'category': 'dbt', 'action': 'invocation', 'label': 'start', 'context': [<snowplow_tracker.self_describing_json.SelfDescribingJson object at 0x7f76e44e23c0>, <snowplow_tracker.self_describing_json.SelfDescribingJson object at 0x7f76e6f66850>, <snowplow_tracker.self_describing_json.SelfDescribingJson object at 0x7f76e34fbc50>]}


============================== 17:01:44.462510 | 393e12e6-283e-4d81-904b-0a25bde87c35 ==============================
[0m17:01:44.462510 [info ] [MainThread]: Running with dbt=1.11.11
[0m17:01:44.463085 [debug] [MainThread]: running dbt with arguments {'partial_parse': 'True', 'use_colors': 'True', 'send_anonymous_usage_stats': 'True', 'printer_width': '80', 'no_print': 'None', 'warn_error': 'None', 'quiet': 'False', 'introspect': 'True', 'warn_error_options': 'WarnErrorOptionsV2(error=[], warn=[], silence=[])', 'empty': 'None', 'static_parser': 'True', 'invocation_command': 'dbt debug', 'debug': 'False', 'write_json': 'True', 'target_path': 'None', 'log_cache_events': 'False', 'log_path': 'logs', 'use_experimental_parser': 'False', 'indirect_selection': 'eager', 'profiles_dir': '/home/syntax-ray/.dbt', 'fail_fast': 'False', 'cache_selected_only': 'False', 'version_check': 'True', 'log_format': 'default'}
[0m17:01:44.470979 [info ] [MainThread]: dbt version: 1.11.11
[0m17:01:44.471274 [info ] [MainThread]: python version: 3.13.3
[0m17:01:44.471487 [info ] [MainThread]: python path: /home/syntax-ray/Software/premier-league-data-pipeline/venv/bin/python
[0m17:01:44.471682 [info ] [MainThread]: os info: Linux-6.14.9-300.fc42.x86_64-x86_64-with-glibc2.41
[0m17:01:44.498384 [info ] [MainThread]: Using profiles dir at /home/syntax-ray/.dbt
[0m17:01:44.498707 [info ] [MainThread]: Using profiles.yml file at /home/syntax-ray/.dbt/profiles.yml
[0m17:01:44.498907 [info ] [MainThread]: Using dbt_project.yml file at /home/syntax-ray/Software/premier-league-data-pipeline/dbt_project.yml
[0m17:01:44.499213 [info ] [MainThread]: adapter type: postgres
[0m17:01:44.499412 [info ] [MainThread]: adapter version: 1.10.0
[0m17:01:44.499584 [info ] [MainThread]: Configuration:
[0m17:01:44.499751 [info ] [MainThread]:   profiles.yml file [[32mOK found and valid[0m]
[0m17:01:44.499911 [info ] [MainThread]:   dbt_project.yml file [[31mERROR not found[0m]
[0m17:01:44.500065 [info ] [MainThread]: Required dependencies:
[0m17:01:44.500251 [debug] [MainThread]: Executing "git --help"
[0m17:01:44.501679 [debug] [MainThread]: STDOUT: "b"usage: git [-v | --version] [-h | --help] [-C <path>] [-c <name>=<value>]\n           [--exec-path[=<path>]] [--html-path] [--man-path] [--info-path]\n           [-p | --paginate | -P | --no-pager] [--no-replace-objects] [--no-lazy-fetch]\n           [--no-optional-locks] [--no-advice] [--bare] [--git-dir=<path>]\n           [--work-tree=<path>] [--namespace=<name>] [--config-env=<name>=<envvar>]\n           <command> [<args>]\n\nThese are common Git commands used in various situations:\n\nstart a working area (see also: git help tutorial)\n   clone      Clone a repository into a new directory\n   init       Create an empty Git repository or reinitialize an existing one\n\nwork on the current change (see also: git help everyday)\n   add        Add file contents to the index\n   mv         Move or rename a file, a directory, or a symlink\n   restore    Restore working tree files\n   rm         Remove files from the working tree and from the index\n\nexamine the history and state (see also: git help revisions)\n   bisect     Use binary search to find the commit that introduced a bug\n   diff       Show changes between commits, commit and working tree, etc\n   grep       Print lines matching a pattern\n   log        Show commit logs\n   show       Show various types of objects\n   status     Show the working tree status\n\ngrow, mark and tweak your common history\n   backfill   Download missing objects in a partial clone\n   branch     List, create, or delete branches\n   commit     Record changes to the repository\n   merge      Join two or more development histories together\n   rebase     Reapply commits on top of another base tip\n   reset      Reset current HEAD to the specified state\n   switch     Switch branches\n   tag        Create, list, delete or verify a tag object signed with GPG\n\ncollaborate (see also: git help workflows)\n   fetch      Download objects and refs from another repository\n   pull       Fetch from and integrate with another repository or a local branch\n   push       Update remote refs along with associated objects\n\n'git help -a' and 'git help -g' list available subcommands and some\nconcept guides. See 'git help <command>' or 'git help <concept>'\nto read about a specific subcommand or concept.\nSee 'git help git' for an overview of the system.\n""
[0m17:01:44.501983 [debug] [MainThread]: STDERR: "b''"
[0m17:01:44.502179 [info ] [MainThread]:  - git [[32mOK found[0m]

[0m17:01:44.502401 [info ] [MainThread]: Connection:
[0m17:01:44.502591 [info ] [MainThread]:   host: localhost
[0m17:01:44.502766 [info ] [MainThread]:   port: 5463
[0m17:01:44.502923 [info ] [MainThread]:   user: postgres
[0m17:01:44.503075 [info ] [MainThread]:   database: postgres
[0m17:01:44.503231 [info ] [MainThread]:   schema: warehouse
[0m17:01:44.503383 [info ] [MainThread]:   connect_timeout: 10
[0m17:01:44.503536 [info ] [MainThread]:   role: None
[0m17:01:44.503686 [info ] [MainThread]:   search_path: None
[0m17:01:44.503834 [info ] [MainThread]:   keepalives_idle: 0
[0m17:01:44.503987 [info ] [MainThread]:   sslmode: None
[0m17:01:44.504136 [info ] [MainThread]:   sslcert: None
[0m17:01:44.504308 [info ] [MainThread]:   sslkey: None
[0m17:01:44.504463 [info ] [MainThread]:   sslrootcert: None
[0m17:01:44.504616 [info ] [MainThread]:   application_name: dbt
[0m17:01:44.504767 [info ] [MainThread]:   retries: 1
[0m17:01:44.505010 [info ] [MainThread]: Registered adapter: postgres=1.10.0
[0m17:01:44.541802 [debug] [MainThread]: Acquiring new postgres connection 'debug'
[0m17:01:44.562421 [debug] [MainThread]: Using postgres connection "debug"
[0m17:01:44.562743 [debug] [MainThread]: On debug: select 1 as id
[0m17:01:44.562922 [debug] [MainThread]: Opening a new connection, currently in state init
[0m17:01:44.573457 [debug] [MainThread]: Postgres adapter: Got a retryable error when attempting to open a postgres connection.
1 attempts remaining. Retrying in 0 seconds.
Error:
connection to server at "localhost" (::1), port 5463 failed: FATAL:  password authentication failed for user "postgres"

[0m17:01:44.580082 [debug] [MainThread]: Postgres adapter: Error running SQL: select 1 as id
[0m17:01:44.580708 [debug] [MainThread]: Postgres adapter: Rolling back transaction.
[0m17:01:44.581227 [debug] [MainThread]: On debug: No close available on handle
[0m17:01:44.581804 [info ] [MainThread]:   Connection test: [[31mERROR[0m]

[0m17:01:44.582123 [info ] [MainThread]: [31m2 checks failed:[0m
[0m17:01:44.582372 [info ] [MainThread]: Project loading failed for the following reason:
 project path </home/syntax-ray/Software/premier-league-data-pipeline/dbt_project.yml> not found

[0m17:01:44.582605 [info ] [MainThread]: dbt was unable to connect to the specified database.
The database returned the following error:

  >Database Error
  connection to server at "localhost" (::1), port 5463 failed: FATAL:  password authentication failed for user "postgres"
  

Check your database credentials and try again. For more information, visit:
https://docs.getdbt.com/docs/configure-your-profile


[0m17:01:44.583323 [debug] [MainThread]: Resource report: {"command_name": "debug", "command_success": false, "command_wall_clock_time": 0.15830815, "process_in_blocks": "848", "process_kernel_time": 0.075307, "process_mem_max_rss": "118608", "process_out_blocks": "56", "process_user_time": 0.821453}
[0m17:01:44.583710 [debug] [MainThread]: Command `dbt debug` failed at 17:01:44.583634 after 0.16 seconds
[0m17:01:44.583977 [debug] [MainThread]: Connection 'debug' was properly closed.
[0m17:01:44.584245 [debug] [MainThread]: Sending event: {'category': 'dbt', 'action': 'invocation', 'label': 'end', 'context': [<snowplow_tracker.self_describing_json.SelfDescribingJson object at 0x7f76e295ac40>, <snowplow_tracker.self_describing_json.SelfDescribingJson object at 0x7f76e2971d90>, <snowplow_tracker.self_describing_json.SelfDescribingJson object at 0x7f76e3420af0>]}
[0m17:01:44.584537 [debug] [MainThread]: Flushing usage events
[0m17:01:44.791937 [debug] [MainThread]: An error was encountered while trying to flush usage events
[0m17:02:36.022091 [debug] [MainThread]: Sending event: {'category': 'dbt', 'action': 'invocation', 'label': 'start', 'context': [<snowplow_tracker.self_describing_json.SelfDescribingJson object at 0x7fb664eba3c0>, <snowplow_tracker.self_describing_json.SelfDescribingJson object at 0x7fb667966850>, <snowplow_tracker.self_describing_json.SelfDescribingJson object at 0x7fb663ecfc50>]}


============================== 17:02:36.025256 | dda882e5-312a-4194-a3ff-2fb4af53d06f ==============================
[0m17:02:36.025256 [info ] [MainThread]: Running with dbt=1.11.11
[0m17:02:36.025767 [debug] [MainThread]: running dbt with arguments {'introspect': 'True', 'partial_parse': 'True', 'target_path': 'None', 'indirect_selection': 'eager', 'profiles_dir': '/home/syntax-ray/.dbt', 'no_print': 'None', 'debug': 'False', 'static_parser': 'True', 'send_anonymous_usage_stats': 'True', 'log_cache_events': 'False', 'log_path': 'logs', 'log_format': 'default', 'quiet': 'False', 'fail_fast': 'False', 'warn_error_options': 'WarnErrorOptionsV2(error=[], warn=[], silence=[])', 'use_colors': 'True', 'version_check': 'True', 'cache_selected_only': 'False', 'warn_error': 'None', 'write_json': 'True', 'invocation_command': 'dbt debug', 'empty': 'None', 'printer_width': '80', 'use_experimental_parser': 'False'}
[0m17:02:36.030595 [info ] [MainThread]: dbt version: 1.11.11
[0m17:02:36.030809 [info ] [MainThread]: python version: 3.13.3
[0m17:02:36.030973 [info ] [MainThread]: python path: /home/syntax-ray/Software/premier-league-data-pipeline/venv/bin/python
[0m17:02:36.031122 [info ] [MainThread]: os info: Linux-6.14.9-300.fc42.x86_64-x86_64-with-glibc2.41
[0m17:02:36.058808 [info ] [MainThread]: Using profiles dir at /home/syntax-ray/.dbt
[0m17:02:36.059133 [info ] [MainThread]: Using profiles.yml file at /home/syntax-ray/.dbt/profiles.yml
[0m17:02:36.059350 [info ] [MainThread]: Using dbt_project.yml file at /home/syntax-ray/Software/premier-league-data-pipeline/dbt_project.yml
[0m17:02:36.059656 [info ] [MainThread]: adapter type: postgres
[0m17:02:36.059870 [info ] [MainThread]: adapter version: 1.10.0
[0m17:02:36.060063 [info ] [MainThread]: Configuration:
[0m17:02:36.060242 [info ] [MainThread]:   profiles.yml file [[32mOK found and valid[0m]
[0m17:02:36.060405 [info ] [MainThread]:   dbt_project.yml file [[31mERROR not found[0m]
[0m17:02:36.060551 [info ] [MainThread]: Required dependencies:
[0m17:02:36.060707 [debug] [MainThread]: Executing "git --help"
[0m17:02:36.061904 [debug] [MainThread]: STDOUT: "b"usage: git [-v | --version] [-h | --help] [-C <path>] [-c <name>=<value>]\n           [--exec-path[=<path>]] [--html-path] [--man-path] [--info-path]\n           [-p | --paginate | -P | --no-pager] [--no-replace-objects] [--no-lazy-fetch]\n           [--no-optional-locks] [--no-advice] [--bare] [--git-dir=<path>]\n           [--work-tree=<path>] [--namespace=<name>] [--config-env=<name>=<envvar>]\n           <command> [<args>]\n\nThese are common Git commands used in various situations:\n\nstart a working area (see also: git help tutorial)\n   clone      Clone a repository into a new directory\n   init       Create an empty Git repository or reinitialize an existing one\n\nwork on the current change (see also: git help everyday)\n   add        Add file contents to the index\n   mv         Move or rename a file, a directory, or a symlink\n   restore    Restore working tree files\n   rm         Remove files from the working tree and from the index\n\nexamine the history and state (see also: git help revisions)\n   bisect     Use binary search to find the commit that introduced a bug\n   diff       Show changes between commits, commit and working tree, etc\n   grep       Print lines matching a pattern\n   log        Show commit logs\n   show       Show various types of objects\n   status     Show the working tree status\n\ngrow, mark and tweak your common history\n   backfill   Download missing objects in a partial clone\n   branch     List, create, or delete branches\n   commit     Record changes to the repository\n   merge      Join two or more development histories together\n   rebase     Reapply commits on top of another base tip\n   reset      Reset current HEAD to the specified state\n   switch     Switch branches\n   tag        Create, list, delete or verify a tag object signed with GPG\n\ncollaborate (see also: git help workflows)\n   fetch      Download objects and refs from another repository\n   pull       Fetch from and integrate with another repository or a local branch\n   push       Update remote refs along with associated objects\n\n'git help -a' and 'git help -g' list available subcommands and some\nconcept guides. See 'git help <command>' or 'git help <concept>'\nto read about a specific subcommand or concept.\nSee 'git help git' for an overview of the system.\n""
[0m17:02:36.062176 [debug] [MainThread]: STDERR: "b''"
[0m17:02:36.062381 [info ] [MainThread]:  - git [[32mOK found[0m]

[0m17:02:36.062541 [info ] [MainThread]: Connection:
[0m17:02:36.062693 [info ] [MainThread]:   host: localhost
[0m17:02:36.062836 [info ] [MainThread]:   port: 5463
[0m17:02:36.062977 [info ] [MainThread]:   user: postgres
[0m17:02:36.063112 [info ] [MainThread]:   database: postgres
[0m17:02:36.063258 [info ] [MainThread]:   schema: warehouse
[0m17:02:36.063403 [info ] [MainThread]:   connect_timeout: 10
[0m17:02:36.063537 [info ] [MainThread]:   role: None
[0m17:02:36.063666 [info ] [MainThread]:   search_path: None
[0m17:02:36.063795 [info ] [MainThread]:   keepalives_idle: 0
[0m17:02:36.063923 [info ] [MainThread]:   sslmode: None
[0m17:02:36.064051 [info ] [MainThread]:   sslcert: None
[0m17:02:36.064179 [info ] [MainThread]:   sslkey: None
[0m17:02:36.064311 [info ] [MainThread]:   sslrootcert: None
[0m17:02:36.064442 [info ] [MainThread]:   application_name: dbt
[0m17:02:36.064586 [info ] [MainThread]:   retries: 1
[0m17:02:36.064836 [info ] [MainThread]: Registered adapter: postgres=1.10.0
[0m17:02:36.095747 [debug] [MainThread]: Acquiring new postgres connection 'debug'
[0m17:02:36.107178 [debug] [MainThread]: Using postgres connection "debug"
[0m17:02:36.107474 [debug] [MainThread]: On debug: select 1 as id
[0m17:02:36.107672 [debug] [MainThread]: Opening a new connection, currently in state init
[0m17:02:36.120064 [debug] [MainThread]: SQL status: SELECT 1 in 0.012 seconds
[0m17:02:36.120791 [debug] [MainThread]: On debug: Close
[0m17:02:36.121071 [info ] [MainThread]:   Connection test: [[32mOK connection ok[0m]

[0m17:02:36.121326 [info ] [MainThread]: [31m1 check failed:[0m
[0m17:02:36.121513 [info ] [MainThread]: Project loading failed for the following reason:
 project path </home/syntax-ray/Software/premier-league-data-pipeline/dbt_project.yml> not found

[0m17:02:36.122100 [debug] [MainThread]: Resource report: {"command_name": "debug", "command_success": false, "command_wall_clock_time": 0.13629377, "process_in_blocks": "0", "process_kernel_time": 0.07852, "process_mem_max_rss": "118896", "process_out_blocks": "16", "process_user_time": 0.812203}
[0m17:02:36.122457 [debug] [MainThread]: Command `dbt debug` failed at 17:02:36.122391 after 0.14 seconds
[0m17:02:36.122667 [debug] [MainThread]: Connection 'debug' was properly closed.
[0m17:02:36.122869 [debug] [MainThread]: Sending event: {'category': 'dbt', 'action': 'invocation', 'label': 'end', 'context': [<snowplow_tracker.self_describing_json.SelfDescribingJson object at 0x7fb663356c40>, <snowplow_tracker.self_describing_json.SelfDescribingJson object at 0x7fb66336e570>, <snowplow_tracker.self_describing_json.SelfDescribingJson object at 0x7fb663dfcaf0>]}
[0m17:02:36.123107 [debug] [MainThread]: Flushing usage events
[0m17:02:36.598662 [debug] [MainThread]: An error was encountered while trying to flush usage events
[0m17:06:43.571228 [debug] [MainThread]: Sending event: {'category': 'dbt', 'action': 'invocation', 'label': 'start', 'context': [<snowplow_tracker.self_describing_json.SelfDescribingJson object at 0x7ff977cb63c0>, <snowplow_tracker.self_describing_json.SelfDescribingJson object at 0x7ff97a766850>, <snowplow_tracker.self_describing_json.SelfDescribingJson object at 0x7ff976ccfb10>]}


============================== 17:06:43.576456 | 14903722-2fc4-4f50-84ff-9db139a03ac1 ==============================
[0m17:06:43.576456 [info ] [MainThread]: Running with dbt=1.11.11
[0m17:06:43.576825 [debug] [MainThread]: running dbt with arguments {'no_print': 'None', 'quiet': 'False', 'log_cache_events': 'False', 'warn_error_options': 'WarnErrorOptionsV2(error=[], warn=[], silence=[])', 'introspect': 'True', 'indirect_selection': 'eager', 'fail_fast': 'False', 'debug': 'False', 'use_colors': 'True', 'log_path': 'logs', 'warn_error': 'None', 'log_format': 'default', 'printer_width': '80', 'use_experimental_parser': 'False', 'write_json': 'True', 'static_parser': 'True', 'cache_selected_only': 'False', 'partial_parse': 'True', 'version_check': 'True', 'send_anonymous_usage_stats': 'True', 'profiles_dir': '/home/syntax-ray/.dbt', 'empty': 'False', 'invocation_command': 'dbt run --select mart_team_season_summary', 'target_path': 'None'}
[0m17:06:43.577164 [error] [MainThread]: Encountered an error:
Runtime Error
  No dbt_project.yml found at expected path /home/syntax-ray/Software/premier-league-data-pipeline/dbt_project.yml
  Verify that each entry within packages.yml (and their transitive dependencies) contains a file named dbt_project.yml
  
[0m17:06:43.577691 [debug] [MainThread]: Resource report: {"command_name": "run", "command_success": false, "command_wall_clock_time": 0.041493293, "process_in_blocks": "400", "process_kernel_time": 0.055418, "process_mem_max_rss": "103252", "process_out_blocks": "8", "process_user_time": 0.806073}
[0m17:06:43.577997 [debug] [MainThread]: Command `dbt run` failed at 17:06:43.577938 after 0.04 seconds
[0m17:06:43.578230 [debug] [MainThread]: Sending event: {'category': 'dbt', 'action': 'invocation', 'label': 'end', 'context': [<snowplow_tracker.self_describing_json.SelfDescribingJson object at 0x7ff976b42060>, <snowplow_tracker.self_describing_json.SelfDescribingJson object at 0x7ff976cdf650>, <snowplow_tracker.self_describing_json.SelfDescribingJson object at 0x7ff976cd2cf0>]}
[0m17:06:43.578468 [debug] [MainThread]: Flushing usage events
[0m17:06:44.114547 [debug] [MainThread]: An error was encountered while trying to flush usage events
